<?xml version="1.0" encoding="UTF-8"?>
<!-- Generated by org.testng.reporters.JUnitReportReporter -->
<testsuite hostname="Tawab-Rahimi" failures="0" tests="1" name="TaAs8TNG" time="0.022" errors="0" timestamp="2022-07-02T00:48:16 EDT" skipped="0">
  <testcase classname="TaAs8TNG" name="TestNGClass" time="0.022"/>
  <system-out/>
</testsuite> <!-- TaAs8TNG -->
